[ Info: CUDA backend loaded
ERROR: LoadError: Out of GPU memory
Stacktrace:
  [1] throw_api_error(res::CUDACore.cudaError_enum)
    @ CUDACore ~/.julia/packages/CUDACore/OIFhX/lib/cudadrv/libcuda.jl:28
  [2] check(f::CUDACore.var"#cuDevicePrimaryCtxRetain##0#cuDevicePrimaryCtxRetain##1"{Base.RefValue{Ptr{CUDACore.CUctx_st}}, CUDACore.CuDevice})
    @ CUDACore ~/.julia/packages/CUDACore/OIFhX/lib/cudadrv/libcuda.jl:37
  [3] cuDevicePrimaryCtxRetain(pctx::Base.RefValue{Ptr{CUDACore.CUctx_st}}, dev::CUDACore.CuDevice)
    @ CUDACore ~/.julia/packages/GPUToolbox/x8hVh/src/ccalls.jl:33
  [4] CuContext
    @ ~/.julia/packages/CUDACore/OIFhX/lib/cudadrv/context.jl:197 [inlined]
  [5] context(dev::CUDACore.CuDevice)
    @ CUDACore ~/.julia/packages/CUDACore/OIFhX/lib/cudadrv/state.jl:239
  [6] CUDACore.TaskLocalState(dev::CUDACore.CuDevice)
    @ CUDACore ~/.julia/packages/CUDACore/OIFhX/lib/cudadrv/state.jl:51
  [7] TaskLocalState
    @ ~/.julia/packages/CUDACore/OIFhX/lib/cudadrv/state.jl:51 [inlined]
  [8] task_local_state!()
    @ CUDACore ~/.julia/packages/CUDACore/OIFhX/lib/cudadrv/state.jl:80
  [9] device
    @ ~/.julia/packages/CUDACore/OIFhX/lib/cudadrv/state.jl:190 [inlined]
 [10] CUDACore.CuArray{Float64, 1, CUDACore.DeviceMemory}(::UndefInitializer, dims::Tuple{Int64})
    @ CUDACore ~/.julia/packages/CUDACore/OIFhX/src/array.jl:92
 [11] CuArray
    @ ~/.julia/packages/CUDACore/OIFhX/src/array.jl:143 [inlined]
 [12] (CUDACore.CuArray{Float64})(::UndefInitializer, dims::Int64)
    @ CUDACore ~/.julia/packages/CUDACore/OIFhX/src/array.jl:161
 [13] ones(T::Type, dims::Int64)
    @ CUDACore ~/.julia/packages/CUDACore/OIFhX/src/array.jl:831
 [14] ones
    @ ~/.julia/packages/JACC/6qLvd/ext/CUDAExt/array.jl:7 [inlined]
 [15] ones
    @ ~/.julia/packages/JACC/6qLvd/src/array.jl:96 [inlined]
 [16] ones(dims::Int64)
    @ JACC ~/.julia/packages/JACC/6qLvd/src/array.jl:99
 [17] top-level scope
    @ ~/JACC.jl/cg_benchmark.jl:24
 [18] include(mod::Module, _path::String)
    @ Base ./Base.jl:306
 [19] exec_options(opts::Base.JLOptions)
    @ Base ./client.jl:317
 [20] _start()
    @ Base ./client.jl:550
in expression starting at /home/pwy/JACC.jl/cg_benchmark.jl:22
srun: error: hudson: task 0: Exited with exit code 1
