[ Info: CUDA backend loaded
ERROR: LoadError: SystemError: opening file "times.csv": Stale file handle
Stacktrace:
  [1] systemerror(p::String, errno::Int32; extrainfo::Nothing)
    @ Base ./error.jl:186
  [2] open(fname::String; lock::Bool, read::Nothing, write::Nothing, create::Nothing, truncate::Bool, append::Nothing)
    @ Base ./iostream.jl:317
  [3] open
    @ ./iostream.jl:296 [inlined]
  [4] open(fname::String, mode::String; lock::Bool)
    @ Base ./iostream.jl:380
  [5] open(fname::String, mode::String)
    @ Base ./iostream.jl:379
  [6] open(::DelimitedFiles.var"#18#19"{@Kwargs{}, Matrix{Float64}, Char}, ::String, ::Vararg{String}; kwargs::@Kwargs{})
    @ Base ./io.jl:410
  [7] open
    @ ./io.jl:409 [inlined]
  [8] #writedlm#16
    @ ~/julia-1.12.6/share/julia/stdlib/v1.12/DelimitedFiles/src/DelimitedFiles.jl:794 [inlined]
  [9] writedlm(fname::String, a::Matrix{Float64}, dlm::Char)
    @ DelimitedFiles ~/julia-1.12.6/share/julia/stdlib/v1.12/DelimitedFiles/src/DelimitedFiles.jl:793
 [10] top-level scope
    @ ~/JACC.jl/cg_benchmark.jl:72
 [11] include(mod::Module, _path::String)
    @ Base ./Base.jl:306
 [12] exec_options(opts::Base.JLOptions)
    @ Base ./client.jl:317
 [13] _start()
    @ Base ./client.jl:550
in expression starting at /home/pwy/JACC.jl/cg_benchmark.jl:72
srun: error: hudson: task 0: Exited with exit code 1
